
**** 05/29/18 20:50:03 *********** Evaluation PSpice (Nov 1999) **************

 * C:\Users\Antonio Jose\Documents\UPV\TCO\practicas\pract4.sch


 ****     CIRCUIT DESCRIPTION


******************************************************************************




* Schematics Version 9.1 - Web Update 1
* Tue May 29 20:49:58 2018



** Analysis setup **
.tran 1n 1u
.LIB "C:\Users\Antonio Jose\Documents\UPV\TCO\practicas\pract4.lib"
.STMLIB "pract4.stl"


* From [PSPICE NETLIST] section of pspiceev.ini:
.lib "nom.lib"

.INC "pract4.net"

**** INCLUDING pract4.net ****
* Schematics Netlist *

.EXTERNAL INPUT C
.EXTERNAL INPUT B
.EXTERNAL OUTPUT F
.EXTERNAL INPUT A


** AutoGenerated Stimuli from Hierarchical ports **
U_AUTO_STM_3    STIM( 1, 0 ) $G_DPWR $G_DGND B IO_STM STIMULUS=B
U_AUTO_STM_4    STIM( 1, 0 ) $G_DPWR $G_DGND C IO_STM STIMULUS=C
U_AUTO_STM_5    STIM( 1, 0 ) $G_DPWR $G_DGND A IO_STM STIMULUS=A


M_M15         $N_0001 B F Vo MbreakP-X1  
+ L=1u  
+ W=1u         
M_M14         Vo C $N_0001 Vo MbreakP-X1  
+ L=1u  
+ W=1u         
M_M16         Vo A F Vo MbreakP-X1  
+ L=1u  
+ W=1u         
M_M18         $N_0002 C 0 0 MbreakN-X4  
+ L=1u  
+ W=1u         
M_M13         F A $N_0002 0 MbreakN-X4  
+ L=1u  
+ W=1u         
M_M17         $N_0002 B 0 0 MbreakN-X4  
+ L=1u  
+ W=1u         
V_VDD         Vo 0 5V

**** RESUMING pract4.cir ****
.INC "pract4.als"



**** INCLUDING pract4.als ****
* Schematics Aliases *

.ALIASES
M_M15           M15(d=$N_0001 g=B s=F b=Vo )
M_M14           M14(d=Vo g=C s=$N_0001 b=Vo )
M_M16           M16(d=Vo g=A s=F b=Vo )
M_M18           M18(d=$N_0002 g=C s=0 b=0 )
M_M13           M13(d=F g=A s=$N_0002 b=0 )
M_M17           M17(d=$N_0002 g=B s=0 b=0 )
V_VDD           VDD(+=Vo -=0 )
_    _(F=F)
_    _(aDASD=F)
_    _(Vo=Vo)
_    _(C=C)
_    _(A=A)
_    _(B=B)
.ENDALIASES


**** RESUMING pract4.cir ****
.probe


.END


**** Generated AtoD and DtoA Interfaces ****

*
* Analog/Digital interface for node B
*
* Moving U_AUTO_STM_3:OUT1 from analog node B to new digital node B$DtoA
X$B_DtoA1
+ B$DtoA
+ B
+ $G_DPWR
+ $G_DGND
+ DtoA_STM
+       PARAMS: DRVH=   0      DRVL=   0      CAPACITANCE=   0     
*
* Analog/Digital interface for node C
*
* Moving U_AUTO_STM_4:OUT1 from analog node C to new digital node C$DtoA
X$C_DtoA1
+ C$DtoA
+ C
+ $G_DPWR
+ $G_DGND
+ DtoA_STM
+       PARAMS: DRVH=   0      DRVL=   0      CAPACITANCE=   0     
*
* Analog/Digital interface for node A
*
* Moving U_AUTO_STM_5:OUT1 from analog node A to new digital node A$DtoA
X$A_DtoA1
+ A$DtoA
+ A
+ $G_DPWR
+ $G_DGND
+ DtoA_STM
+       PARAMS: DRVH=   0      DRVL=   0      CAPACITANCE=   0     
*
* Analog/Digital interface power supply subcircuits
*

X$DIGIFPWR 0 DIGIFPWR

* C:\Users\Antonio Jose\Documents\UPV\TCO\practicas\pract4.stl written on Tue May 29 19:17:38 2018
* by Stimulus Editor -- Evaluation Version 9.1
;!Stimulus Get
;! A Digital B Digital C Digital
;!Ok
;!Plot Axis_Settings
;!Xrange 0s 4us
;!AutoUniverse
;!XminRes 1ns
;!YminRes 1n
;!Ok
.STIMULUS C STIM (1, 1) ;! CLOCK 1meg 0.5 0 0
+   +0s 0
+   +500ns 1
+   Repeat Forever
+      +500ns 0
+      +500ns 1
+   EndRepeat
.STIMULUS B STIM (1, 1) ;! CLOCK 2Meg 0.5 0 0
+   +0s 0
+   +250ns 1
+   Repeat Forever
+      +250ns 0
+      +250ns 1
+   EndRepeat
.STIMULUS A STIM (1, 1) ;! CLOCK 4MEGHz 0.5 0 0
+   +0s 0
+   +125ns 1
+   Repeat Forever
+      +125ns 0
+      +125ns 1
+   EndRepeat
.STIMULUS A STIM (1, 1)
+   +0s Z
.STIMULUS C STIM (1, 1)
+   +0s Z
.STIMULUS B STIM (1, 1)
+   +0s Z
.STIMULUS B STIM (1, 1) ;! CLOCK 2Meg 0.5 0 0
+   +0s 0
+   +250ns 1
+   Repeat Forever
+      +250ns 0
+      +250ns 1
+   EndRepeat
.STIMULUS C STIM (1, 1) ;! CLOCK 1meg 0.5 0 0
+   +0s 0
+   +500ns 1
+   Repeat Forever
+      +500ns 0
+      +500ns 1
+   EndRepeat

**** 05/29/18 20:50:03 *********** Evaluation PSpice (Nov 1999) **************

 * C:\Users\Antonio Jose\Documents\UPV\TCO\practicas\pract4.sch


 ****     MOSFET MODEL PARAMETERS


******************************************************************************




               MbreakP-X1      MbreakN-X4      
               PMOS            NMOS            
       LEVEL    1               1            
           L  100.000000E-06  100.000000E-06 
           W  100.000000E-06  100.000000E-06 
         VTO   -1               1            
          KP   15.000000E-06   15.000000E-06 
       GAMMA    0               0            
         PHI     .6              .6          
      LAMBDA    0               0            
          IS   10.000000E-15   10.000000E-15 
          JS    0               0            
          PB     .8              .8          
        PBSW     .8              .8          
          CJ    0               0            
        CJSW    0               0            
        CGSO    0               0            
        CGDO    0               0            
        CGBO    0               0            
         TOX    0               0            
          XJ    0               0            
       UCRIT   10.000000E+03   10.000000E+03 
      DIOMOD    1               1            
         VFB    0               0            
        LETA    0               0            
        WETA    0               0            
          U0    0               0            
        TEMP    0               0            
         VDD    0               0            
       XPART    0               0            


**** 05/29/18 20:50:03 *********** Evaluation PSpice (Nov 1999) **************

 * C:\Users\Antonio Jose\Documents\UPV\TCO\practicas\pract4.sch


 ****     Digital Input MODEL PARAMETERS


******************************************************************************




               DINSTM          
        FILE DSO_DTOA        
      FORMAT    6            
    TIMESTEP  100.000000E-12 
      S0NAME 0               
       S0TSW  500.000000E-12 
       S0RLO     .5          
       S0RHI    1.000000E+03 
      S1NAME 1               
       S1TSW  500.000000E-12 
       S1RLO    1.000000E+03 
       S1RHI     .5          
      S2NAME X               
       S2TSW  500.000000E-12 
       S2RLO     .429        
       S2RHI    1.16         
      S3NAME R               
       S3TSW  500.000000E-12 
       S3RLO     .429        
       S3RHI    1.16         
      S4NAME F               
       S4TSW  500.000000E-12 
       S4RLO     .429        
       S4RHI    1.16         
      S5NAME Z               
       S5TSW  500.000000E-12 
       S5RLO    1.000000E+06 
       S5RHI    1.000000E+06 


**** 05/29/18 20:50:03 *********** Evaluation PSpice (Nov 1999) **************

 * C:\Users\Antonio Jose\Documents\UPV\TCO\practicas\pract4.sch


 ****     Digital IO  MODEL PARAMETERS


******************************************************************************




               IO_STM          
        DRVL    0            
        DRVH    0            
       DtoA1 DtoA_STM        
       DtoA2 DtoA_STM        
       DtoA3 DtoA_STM        
       DtoA4 DtoA_STM        
       TPWRT  100.000000E+03 


**** 05/29/18 20:50:03 *********** Evaluation PSpice (Nov 1999) **************

 * C:\Users\Antonio Jose\Documents\UPV\TCO\practicas\pract4.sch


 ****     INITIAL TRANSIENT SOLUTION       TEMPERATURE =   27.000 DEG C


******************************************************************************



 NODE   VOLTAGE     NODE   VOLTAGE     NODE   VOLTAGE     NODE   VOLTAGE


(    A)     .0025  (    B)     .0025  (    C)     .0025  (    F)    5.0000      

(   Vo)    5.0000  ($G_DGND)    0.0000                   ($G_DPWR)    5.0000    

($N_0001)    5.0000                   ($N_0002)-263.0E-15                   



 DGTL NODE : STATE  DGTL NODE : STATE  DGTL NODE : STATE  DGTL NODE : STATE


(  A$DtoA) : 0     (  B$DtoA) : 0     (  C$DtoA) : 0     




    VOLTAGE SOURCE CURRENTS
    NAME         CURRENT

    V_VDD       -5.010E-12
    X$DIGIFPWR.VDPWR  -1.500E-02
    X$DIGIFPWR.VDGND  -5.000E-06

    TOTAL POWER DISSIPATION   7.50E-02  WATTS



          JOB CONCLUDED

          TOTAL JOB TIME             .13
